<?xml version="1.0" encoding="UTF-8"?>
<robot generator="Robot 6.1.1 (Python 3.12.12 on linux)" generated="20251117 21:51:38.679" rpa="false" schemaversion="4">
<suite id="s1" name="Tests" source="/mydir/osa3/login-robot/src/tests">
<suite id="s1-s1" name="Login" source="/mydir/osa3/login-robot/src/tests/login.robot">
<test id="s1-s1-t1" name="Login With Correct Credentials" line="6">
<kw name="Create User And Input Login Command" type="SETUP">
<kw name="Create User" library="AppLibrary">
<arg>kalle</arg>
<arg>kalle123</arg>
<status status="PASS" starttime="20251117 21:51:38.728" endtime="20251117 21:51:38.728"/>
</kw>
<kw name="Input Login Command" library="resource">
<kw name="Input" library="AppLibrary">
<arg>login</arg>
<status status="PASS" starttime="20251117 21:51:38.728" endtime="20251117 21:51:38.728"/>
</kw>
<status status="PASS" starttime="20251117 21:51:38.728" endtime="20251117 21:51:38.728"/>
</kw>
<status status="PASS" starttime="20251117 21:51:38.728" endtime="20251117 21:51:38.728"/>
</kw>
<kw name="Input Credentials" library="resource">
<arg>kalle</arg>
<arg>kalle123</arg>
<kw name="Input" library="AppLibrary">
<arg>${username}</arg>
<status status="PASS" starttime="20251117 21:51:38.729" endtime="20251117 21:51:38.729"/>
</kw>
<kw name="Input" library="AppLibrary">
<arg>${password}</arg>
<status status="PASS" starttime="20251117 21:51:38.729" endtime="20251117 21:51:38.729"/>
</kw>
<kw name="Run Application" library="AppLibrary">
<status status="PASS" starttime="20251117 21:51:38.729" endtime="20251117 21:51:38.729"/>
</kw>
<status status="PASS" starttime="20251117 21:51:38.729" endtime="20251117 21:51:38.729"/>
</kw>
<kw name="Output Should Contain" library="AppLibrary">
<arg>Logged in</arg>
<status status="PASS" starttime="20251117 21:51:38.729" endtime="20251117 21:51:38.729"/>
</kw>
<status status="PASS" starttime="20251117 21:51:38.727" endtime="20251117 21:51:38.729"/>
</test>
<test id="s1-s1-t2" name="Login With Incorrect Password" line="10">
<kw name="Create User And Input Login Command" type="SETUP">
<kw name="Create User" library="AppLibrary">
<arg>kalle</arg>
<arg>kalle123</arg>
<status status="PASS" starttime="20251117 21:51:38.730" endtime="20251117 21:51:38.730"/>
</kw>
<kw name="Input Login Command" library="resource">
<kw name="Input" library="AppLibrary">
<arg>login</arg>
<status status="PASS" starttime="20251117 21:51:38.730" endtime="20251117 21:51:38.730"/>
</kw>
<status status="PASS" starttime="20251117 21:51:38.730" endtime="20251117 21:51:38.730"/>
</kw>
<status status="PASS" starttime="20251117 21:51:38.730" endtime="20251117 21:51:38.730"/>
</kw>
<kw name="Input Credentials" library="resource">
<arg>kalle</arg>
<arg>ville123</arg>
<kw name="Input" library="AppLibrary">
<arg>${username}</arg>
<status status="PASS" starttime="20251117 21:51:38.731" endtime="20251117 21:51:38.731"/>
</kw>
<kw name="Input" library="AppLibrary">
<arg>${password}</arg>
<status status="PASS" starttime="20251117 21:51:38.731" endtime="20251117 21:51:38.731"/>
</kw>
<kw name="Run Application" library="AppLibrary">
<status status="PASS" starttime="20251117 21:51:38.731" endtime="20251117 21:51:38.731"/>
</kw>
<status status="PASS" starttime="20251117 21:51:38.730" endtime="20251117 21:51:38.731"/>
</kw>
<kw name="Output Should Contain" library="AppLibrary">
<arg>Invalid username or password</arg>
<status status="PASS" starttime="20251117 21:51:38.731" endtime="20251117 21:51:38.731"/>
</kw>
<status status="PASS" starttime="20251117 21:51:38.730" endtime="20251117 21:51:38.731"/>
</test>
<test id="s1-s1-t3" name="Login With Nonexistent Username" line="14">
<kw name="Create User And Input Login Command" type="SETUP">
<kw name="Create User" library="AppLibrary">
<arg>kalle</arg>
<arg>kalle123</arg>
<status status="PASS" starttime="20251117 21:51:38.732" endtime="20251117 21:51:38.732"/>
</kw>
<kw name="Input Login Command" library="resource">
<kw name="Input" library="AppLibrary">
<arg>login</arg>
<status status="PASS" starttime="20251117 21:51:38.732" endtime="20251117 21:51:38.732"/>
</kw>
<status status="PASS" starttime="20251117 21:51:38.732" endtime="20251117 21:51:38.732"/>
</kw>
<status status="PASS" starttime="20251117 21:51:38.732" endtime="20251117 21:51:38.732"/>
</kw>
<kw name="Input Credentials" library="resource">
<arg>ville</arg>
<arg>kalle123</arg>
<kw name="Input" library="AppLibrary">
<arg>${username}</arg>
<status status="PASS" starttime="20251117 21:51:38.732" endtime="20251117 21:51:38.732"/>
</kw>
<kw name="Input" library="AppLibrary">
<arg>${password}</arg>
<status status="PASS" starttime="20251117 21:51:38.733" endtime="20251117 21:51:38.733"/>
</kw>
<kw name="Run Application" library="AppLibrary">
<status status="PASS" starttime="20251117 21:51:38.733" endtime="20251117 21:51:38.733"/>
</kw>
<status status="PASS" starttime="20251117 21:51:38.732" endtime="20251117 21:51:38.733"/>
</kw>
<kw name="Output Should Contain" library="AppLibrary">
<arg>Invalid username or password</arg>
<status status="PASS" starttime="20251117 21:51:38.733" endtime="20251117 21:51:38.733"/>
</kw>
<status status="PASS" starttime="20251117 21:51:38.731" endtime="20251117 21:51:38.733"/>
</test>
<status status="PASS" starttime="20251117 21:51:38.721" endtime="20251117 21:51:38.733"/>
</suite>
<suite id="s1-s2" name="Register" source="/mydir/osa3/login-robot/src/tests/register.robot">
<test id="s1-s2-t1" name="Register With Valid Username And Password" line="6">
<kw name="Input New Command And Create User" type="SETUP">
<kw name="Create User" library="AppLibrary">
<arg>kalle</arg>
<arg>kalle123</arg>
<status status="PASS" starttime="20251117 21:51:38.736" endtime="20251117 21:51:38.736"/>
</kw>
<kw name="Input New Command" library="resource">
<kw name="Input" library="AppLibrary">
<arg>new</arg>
<status status="PASS" starttime="20251117 21:51:38.736" endtime="20251117 21:51:38.736"/>
</kw>
<status status="PASS" starttime="20251117 21:51:38.736" endtime="20251117 21:51:38.736"/>
</kw>
<status status="PASS" starttime="20251117 21:51:38.736" endtime="20251117 21:51:38.736"/>
</kw>
<kw name="Input Credentials" library="resource">
<arg>ville</arg>
<arg>vii5vee3</arg>
<kw name="Input" library="AppLibrary">
<arg>${username}</arg>
<status status="PASS" starttime="20251117 21:51:38.737" endtime="20251117 21:51:38.737"/>
</kw>
<kw name="Input" library="AppLibrary">
<arg>${password}</arg>
<status status="PASS" starttime="20251117 21:51:38.737" endtime="20251117 21:51:38.737"/>
</kw>
<kw name="Run Application" library="AppLibrary">
<status status="PASS" starttime="20251117 21:51:38.737" endtime="20251117 21:51:38.737"/>
</kw>
<status status="PASS" starttime="20251117 21:51:38.736" endtime="20251117 21:51:38.737"/>
</kw>
<kw name="Output Should Contain" library="AppLibrary">
<arg>New user registered</arg>
<status status="PASS" starttime="20251117 21:51:38.737" endtime="20251117 21:51:38.737"/>
</kw>
<status status="PASS" starttime="20251117 21:51:38.735" endtime="20251117 21:51:38.737"/>
</test>
<test id="s1-s2-t2" name="Register With Already Taken Username And Valid Password" line="10">
<kw name="Input New Command And Create User" type="SETUP">
<kw name="Create User" library="AppLibrary">
<arg>kalle</arg>
<arg>kalle123</arg>
<status status="PASS" starttime="20251117 21:51:38.738" endtime="20251117 21:51:38.738"/>
</kw>
<kw name="Input New Command" library="resource">
<kw name="Input" library="AppLibrary">
<arg>new</arg>
<status status="PASS" starttime="20251117 21:51:38.738" endtime="20251117 21:51:38.738"/>
</kw>
<status status="PASS" starttime="20251117 21:51:38.738" endtime="20251117 21:51:38.738"/>
</kw>
<status status="PASS" starttime="20251117 21:51:38.738" endtime="20251117 21:51:38.738"/>
</kw>
<kw name="Input Credentials" library="resource">
<arg>kalle</arg>
<arg>vii5vee3</arg>
<kw name="Input" library="AppLibrary">
<arg>${username}</arg>
<status status="PASS" starttime="20251117 21:51:38.738" endtime="20251117 21:51:38.738"/>
</kw>
<kw name="Input" library="AppLibrary">
<arg>${password}</arg>
<status status="PASS" starttime="20251117 21:51:38.738" endtime="20251117 21:51:38.738"/>
</kw>
<kw name="Run Application" library="AppLibrary">
<status status="PASS" starttime="20251117 21:51:38.738" endtime="20251117 21:51:38.739"/>
</kw>
<status status="PASS" starttime="20251117 21:51:38.738" endtime="20251117 21:51:38.739"/>
</kw>
<kw name="Output Should Contain" library="AppLibrary">
<arg>User with username kalle already exists</arg>
<status status="PASS" starttime="20251117 21:51:38.739" endtime="20251117 21:51:38.739"/>
</kw>
<status status="PASS" starttime="20251117 21:51:38.737" endtime="20251117 21:51:38.739"/>
</test>
<test id="s1-s2-t3" name="Register With Too Short Username And Valid Password" line="14">
<kw name="Input New Command And Create User" type="SETUP">
<kw name="Create User" library="AppLibrary">
<arg>kalle</arg>
<arg>kalle123</arg>
<status status="PASS" starttime="20251117 21:51:38.739" endtime="20251117 21:51:38.740"/>
</kw>
<kw name="Input New Command" library="resource">
<kw name="Input" library="AppLibrary">
<arg>new</arg>
<status status="PASS" starttime="20251117 21:51:38.740" endtime="20251117 21:51:38.740"/>
</kw>
<status status="PASS" starttime="20251117 21:51:38.740" endtime="20251117 21:51:38.740"/>
</kw>
<status status="PASS" starttime="20251117 21:51:38.739" endtime="20251117 21:51:38.740"/>
</kw>
<kw name="Input Credentials" library="resource">
<arg>vk</arg>
<arg>kal5lee3</arg>
<kw name="Input" library="AppLibrary">
<arg>${username}</arg>
<status status="PASS" starttime="20251117 21:51:38.740" endtime="20251117 21:51:38.740"/>
</kw>
<kw name="Input" library="AppLibrary">
<arg>${password}</arg>
<status status="PASS" starttime="20251117 21:51:38.740" endtime="20251117 21:51:38.740"/>
</kw>
<kw name="Run Application" library="AppLibrary">
<status status="PASS" starttime="20251117 21:51:38.740" endtime="20251117 21:51:38.740"/>
</kw>
<status status="PASS" starttime="20251117 21:51:38.740" endtime="20251117 21:51:38.740"/>
</kw>
<kw name="Output Should Contain" library="AppLibrary">
<arg>Username is invalid</arg>
<status status="PASS" starttime="20251117 21:51:38.740" endtime="20251117 21:51:38.741"/>
</kw>
<status status="PASS" starttime="20251117 21:51:38.739" endtime="20251117 21:51:38.741"/>
</test>
<test id="s1-s2-t4" name="Register With Enough Long But Invalid Username And Valid Password" line="18">
<kw name="Input New Command And Create User" type="SETUP">
<kw name="Create User" library="AppLibrary">
<arg>kalle</arg>
<arg>kalle123</arg>
<status status="PASS" starttime="20251117 21:51:38.741" endtime="20251117 21:51:38.741"/>
</kw>
<kw name="Input New Command" library="resource">
<kw name="Input" library="AppLibrary">
<arg>new</arg>
<status status="PASS" starttime="20251117 21:51:38.741" endtime="20251117 21:51:38.741"/>
</kw>
<status status="PASS" starttime="20251117 21:51:38.741" endtime="20251117 21:51:38.741"/>
</kw>
<status status="PASS" starttime="20251117 21:51:38.741" endtime="20251117 21:51:38.741"/>
</kw>
<kw name="Input Credentials" library="resource">
<arg>kal3le</arg>
<arg>vii5vee3</arg>
<kw name="Input" library="AppLibrary">
<arg>${username}</arg>
<status status="PASS" starttime="20251117 21:51:38.742" endtime="20251117 21:51:38.742"/>
</kw>
<kw name="Input" library="AppLibrary">
<arg>${password}</arg>
<status status="PASS" starttime="20251117 21:51:38.742" endtime="20251117 21:51:38.742"/>
</kw>
<kw name="Run Application" library="AppLibrary">
<status status="PASS" starttime="20251117 21:51:38.742" endtime="20251117 21:51:38.742"/>
</kw>
<status status="PASS" starttime="20251117 21:51:38.742" endtime="20251117 21:51:38.742"/>
</kw>
<kw name="Output Should Contain" library="AppLibrary">
<arg>Username is invalid</arg>
<status status="PASS" starttime="20251117 21:51:38.742" endtime="20251117 21:51:38.742"/>
</kw>
<status status="PASS" starttime="20251117 21:51:38.741" endtime="20251117 21:51:38.742"/>
</test>
<test id="s1-s2-t5" name="Register With Valid Username And Too Short Password" line="21">
<kw name="Input New Command And Create User" type="SETUP">
<kw name="Create User" library="AppLibrary">
<arg>kalle</arg>
<arg>kalle123</arg>
<status status="PASS" starttime="20251117 21:51:38.743" endtime="20251117 21:51:38.743"/>
</kw>
<kw name="Input New Command" library="resource">
<kw name="Input" library="AppLibrary">
<arg>new</arg>
<status status="PASS" starttime="20251117 21:51:38.743" endtime="20251117 21:51:38.743"/>
</kw>
<status status="PASS" starttime="20251117 21:51:38.743" endtime="20251117 21:51:38.743"/>
</kw>
<status status="PASS" starttime="20251117 21:51:38.743" endtime="20251117 21:51:38.743"/>
</kw>
<kw name="Input Credentials" library="resource">
<arg>ville</arg>
<arg>vii5vee</arg>
<kw name="Input" library="AppLibrary">
<arg>${username}</arg>
<status status="PASS" starttime="20251117 21:51:38.743" endtime="20251117 21:51:38.743"/>
</kw>
<kw name="Input" library="AppLibrary">
<arg>${password}</arg>
<status status="PASS" starttime="20251117 21:51:38.743" endtime="20251117 21:51:38.744"/>
</kw>
<kw name="Run Application" library="AppLibrary">
<status status="PASS" starttime="20251117 21:51:38.744" endtime="20251117 21:51:38.744"/>
</kw>
<status status="PASS" starttime="20251117 21:51:38.743" endtime="20251117 21:51:38.744"/>
</kw>
<kw name="Output Should Contain" library="AppLibrary">
<arg>Password is invalid</arg>
<status status="PASS" starttime="20251117 21:51:38.744" endtime="20251117 21:51:38.744"/>
</kw>
<status status="PASS" starttime="20251117 21:51:38.742" endtime="20251117 21:51:38.744"/>
</test>
<test id="s1-s2-t6" name="Register With Valid Username And Long Enough Password Containing Only Letters" line="24">
<kw name="Input New Command And Create User" type="SETUP">
<kw name="Create User" library="AppLibrary">
<arg>kalle</arg>
<arg>kalle123</arg>
<status status="PASS" starttime="20251117 21:51:38.744" endtime="20251117 21:51:38.745"/>
</kw>
<kw name="Input New Command" library="resource">
<kw name="Input" library="AppLibrary">
<arg>new</arg>
<status status="PASS" starttime="20251117 21:51:38.745" endtime="20251117 21:51:38.745"/>
</kw>
<status status="PASS" starttime="20251117 21:51:38.745" endtime="20251117 21:51:38.745"/>
</kw>
<status status="PASS" starttime="20251117 21:51:38.744" endtime="20251117 21:51:38.745"/>
</kw>
<kw name="Input Credentials" library="resource">
<arg>ville</arg>
<arg>viisvees</arg>
<kw name="Input" library="AppLibrary">
<arg>${username}</arg>
<status status="PASS" starttime="20251117 21:51:38.745" endtime="20251117 21:51:38.745"/>
</kw>
<kw name="Input" library="AppLibrary">
<arg>${password}</arg>
<status status="PASS" starttime="20251117 21:51:38.745" endtime="20251117 21:51:38.745"/>
</kw>
<kw name="Run Application" library="AppLibrary">
<status status="PASS" starttime="20251117 21:51:38.745" endtime="20251117 21:51:38.745"/>
</kw>
<status status="PASS" starttime="20251117 21:51:38.745" endtime="20251117 21:51:38.745"/>
</kw>
<kw name="Output Should Contain" library="AppLibrary">
<arg>Password is invalid</arg>
<msg timestamp="20251117 21:51:38.745" level="FAIL">Output "Password is invalid" is not in ['New user registered']</msg>
<status status="FAIL" starttime="20251117 21:51:38.745" endtime="20251117 21:51:38.746"/>
</kw>
<status status="FAIL" starttime="20251117 21:51:38.744" endtime="20251117 21:51:38.746">Output "Password is invalid" is not in ['New user registered']</status>
</test>
<status status="FAIL" starttime="20251117 21:51:38.734" endtime="20251117 21:51:38.747"/>
</suite>
<status status="FAIL" starttime="20251117 21:51:38.680" endtime="20251117 21:51:38.747"/>
</suite>
<statistics>
<total>
<stat pass="8" fail="1" skip="0">All Tests</stat>
</total>
<tag>
</tag>
<suite>
<stat pass="8" fail="1" skip="0" id="s1" name="Tests">Tests</stat>
<stat pass="3" fail="0" skip="0" id="s1-s1" name="Login">Tests.Login</stat>
<stat pass="5" fail="1" skip="0" id="s1-s2" name="Register">Tests.Register</stat>
</suite>
</statistics>
<errors>
</errors>
</robot>
